<?xml version="1.0" encoding="UTF-8"?>
<!-- Generated by org.testng.reporters.JUnitXMLReporter -->
<testsuite ignored="0" hostname="DESKTOP-UC0UDRQ" failures="1" tests="1" name="Linux-chrome" time="77.318" errors="0" timestamp="2025-04-11T20:33:24 IST">
  <testcase classname="testCases.Tc01_ManageUser" name="verify_User_Registration" time="36.545">
    <failure type="java.lang.AssertionError" message="null">
      <![CDATA[java.lang.AssertionError: null
at testCases.Tc01_ManageUser.verify_User_Registration(Tc01_ManageUser.java:78)
at java.base/java.util.ArrayList.forEach(ArrayList.java:1511)
... Removed 33 stack frames]]>
    </failure>
  </testcase> <!-- verify_User_Registration -->
</testsuite> <!-- Linux-chrome -->
